2021-03-08 15:01:26,848 [BombeRLeWorld] INFO: Initializing game world
2021-03-08 15:01:26,957 [BombeRLeWorld] INFO: STARTING ROUND #1
2021-03-08 15:01:28,280 [BombeRLeWorld] INFO: STARTING STEP 1
2021-03-08 15:01:28,287 [BombeRLeWorld] INFO: Agent <rule_based_agent_1> chose action UP in 0.00s.
2021-03-08 15:01:28,287 [BombeRLeWorld] WARNING: Agent <rule_based_agent_1> stayed within acceptable think time.
2021-03-08 15:01:28,287 [BombeRLeWorld] INFO: Agent <rule_based_agent_0> chose action DOWN in 0.00s.
2021-03-08 15:01:28,287 [BombeRLeWorld] WARNING: Agent <rule_based_agent_0> stayed within acceptable think time.
2021-03-08 15:01:28,287 [BombeRLeWorld] INFO: Agent <random_agent> chose action DOWN in 0.00s.
2021-03-08 15:01:28,287 [BombeRLeWorld] WARNING: Agent <random_agent> stayed within acceptable think time.
2021-03-08 15:01:28,287 [BombeRLeWorld] INFO: Agent <user_agent> chose action RIGHT in 0.00s.
2021-03-08 15:01:28,287 [BombeRLeWorld] WARNING: Agent <user_agent> stayed within acceptable think time.
2021-03-08 15:01:29,606 [BombeRLeWorld] INFO: STARTING STEP 2
2021-03-08 15:01:29,616 [BombeRLeWorld] INFO: Agent <rule_based_agent_1> chose action UP in 0.00s.
2021-03-08 15:01:29,617 [BombeRLeWorld] WARNING: Agent <rule_based_agent_1> stayed within acceptable think time.
2021-03-08 15:01:29,617 [BombeRLeWorld] INFO: Agent <user_agent> chose action BOMB in 0.00s.
2021-03-08 15:01:29,617 [BombeRLeWorld] WARNING: Agent <user_agent> stayed within acceptable think time.
2021-03-08 15:01:29,617 [BombeRLeWorld] INFO: Agent <user_agent> drops bomb at (2, 15)
2021-03-08 15:01:29,617 [BombeRLeWorld] INFO: Agent <random_agent> chose action UP in 0.00s.
2021-03-08 15:01:29,618 [BombeRLeWorld] WARNING: Agent <random_agent> stayed within acceptable think time.
2021-03-08 15:01:29,618 [BombeRLeWorld] INFO: Agent <rule_based_agent_0> chose action BOMB in 0.00s.
2021-03-08 15:01:29,618 [BombeRLeWorld] WARNING: Agent <rule_based_agent_0> stayed within acceptable think time.
2021-03-08 15:01:29,618 [BombeRLeWorld] INFO: Agent <rule_based_agent_0> drops bomb at (1, 2)
2021-03-08 15:01:29,921 [BombeRLeWorld] INFO: STARTING STEP 3
2021-03-08 15:01:29,926 [BombeRLeWorld] INFO: Agent <user_agent> chose action LEFT in 0.00s.
2021-03-08 15:01:29,926 [BombeRLeWorld] WARNING: Agent <user_agent> stayed within acceptable think time.
2021-03-08 15:01:29,926 [BombeRLeWorld] INFO: Agent <random_agent> chose action LEFT in 0.00s.
2021-03-08 15:01:29,926 [BombeRLeWorld] WARNING: Agent <random_agent> stayed within acceptable think time.
2021-03-08 15:01:29,926 [BombeRLeWorld] INFO: Agent <rule_based_agent_1> chose action BOMB in 0.00s.
2021-03-08 15:01:29,927 [BombeRLeWorld] WARNING: Agent <rule_based_agent_1> stayed within acceptable think time.
2021-03-08 15:01:29,927 [BombeRLeWorld] INFO: Agent <rule_based_agent_1> drops bomb at (15, 13)
2021-03-08 15:01:29,927 [BombeRLeWorld] INFO: Agent <rule_based_agent_0> chose action UP in 0.00s.
2021-03-08 15:01:29,927 [BombeRLeWorld] WARNING: Agent <rule_based_agent_0> stayed within acceptable think time.
2021-03-08 15:01:30,236 [BombeRLeWorld] INFO: STARTING STEP 4
2021-03-08 15:01:30,258 [BombeRLeWorld] INFO: Agent <rule_based_agent_1> chose action DOWN in 0.00s.
2021-03-08 15:01:30,258 [BombeRLeWorld] WARNING: Agent <rule_based_agent_1> stayed within acceptable think time.
2021-03-08 15:01:30,258 [BombeRLeWorld] INFO: Agent <rule_based_agent_0> chose action RIGHT in 0.00s.
2021-03-08 15:01:30,258 [BombeRLeWorld] WARNING: Agent <rule_based_agent_0> stayed within acceptable think time.
2021-03-08 15:01:30,259 [BombeRLeWorld] INFO: Agent <random_agent> chose action UP in 0.00s.
2021-03-08 15:01:30,259 [BombeRLeWorld] WARNING: Agent <random_agent> stayed within acceptable think time.
2021-03-08 15:01:30,259 [BombeRLeWorld] INFO: Agent <user_agent> chose action UP in 0.00s.
2021-03-08 15:01:30,259 [BombeRLeWorld] WARNING: Agent <user_agent> stayed within acceptable think time.
2021-03-08 15:01:30,662 [BombeRLeWorld] INFO: STARTING STEP 5
2021-03-08 15:01:30,692 [BombeRLeWorld] INFO: Agent <rule_based_agent_0> chose action RIGHT in 0.00s.
2021-03-08 15:01:30,692 [BombeRLeWorld] WARNING: Agent <rule_based_agent_0> stayed within acceptable think time.
2021-03-08 15:01:30,692 [BombeRLeWorld] INFO: Agent <random_agent> chose action RIGHT in 0.00s.
2021-03-08 15:01:30,692 [BombeRLeWorld] WARNING: Agent <random_agent> stayed within acceptable think time.
2021-03-08 15:01:30,692 [BombeRLeWorld] INFO: Agent <rule_based_agent_1> chose action DOWN in 0.00s.
2021-03-08 15:01:30,692 [BombeRLeWorld] WARNING: Agent <rule_based_agent_1> stayed within acceptable think time.
2021-03-08 15:01:30,692 [BombeRLeWorld] INFO: Agent <user_agent> chose action UP in 0.00s.
2021-03-08 15:01:30,692 [BombeRLeWorld] WARNING: Agent <user_agent> stayed within acceptable think time.
2021-03-08 15:01:30,995 [BombeRLeWorld] INFO: STARTING STEP 6
2021-03-08 15:01:31,001 [BombeRLeWorld] INFO: Agent <random_agent> chose action RIGHT in 0.00s.
2021-03-08 15:01:31,001 [BombeRLeWorld] WARNING: Agent <random_agent> stayed within acceptable think time.
2021-03-08 15:01:31,001 [BombeRLeWorld] INFO: Agent <rule_based_agent_1> chose action LEFT in 0.00s.
2021-03-08 15:01:31,001 [BombeRLeWorld] WARNING: Agent <rule_based_agent_1> stayed within acceptable think time.
2021-03-08 15:01:31,001 [BombeRLeWorld] INFO: Agent <user_agent> chose action UP in 0.00s.
2021-03-08 15:01:31,001 [BombeRLeWorld] WARNING: Agent <user_agent> stayed within acceptable think time.
2021-03-08 15:01:31,001 [BombeRLeWorld] INFO: Agent <rule_based_agent_0> chose action LEFT in 0.00s.
2021-03-08 15:01:31,001 [BombeRLeWorld] WARNING: Agent <rule_based_agent_0> stayed within acceptable think time.
2021-03-08 15:01:31,001 [BombeRLeWorld] INFO: Agent <user_agent>'s bomb at (2, 15) explodes
2021-03-08 15:01:31,002 [BombeRLeWorld] INFO: Agent <rule_based_agent_0>'s bomb at (1, 2) explodes
2021-03-08 15:01:31,717 [BombeRLeWorld] INFO: STARTING STEP 7
2021-03-08 15:01:31,734 [BombeRLeWorld] INFO: Agent <rule_based_agent_1> chose action LEFT in 0.00s.
2021-03-08 15:01:31,734 [BombeRLeWorld] WARNING: Agent <rule_based_agent_1> stayed within acceptable think time.
2021-03-08 15:01:31,734 [BombeRLeWorld] INFO: Agent <user_agent> chose action RIGHT in 0.00s.
2021-03-08 15:01:31,734 [BombeRLeWorld] WARNING: Agent <user_agent> stayed within acceptable think time.
2021-03-08 15:01:31,735 [BombeRLeWorld] INFO: Agent <rule_based_agent_0> chose action RIGHT in 0.00s.
2021-03-08 15:01:31,735 [BombeRLeWorld] WARNING: Agent <rule_based_agent_0> stayed within acceptable think time.
2021-03-08 15:01:31,735 [BombeRLeWorld] INFO: Agent <random_agent> chose action RIGHT in 0.00s.
2021-03-08 15:01:31,735 [BombeRLeWorld] WARNING: Agent <random_agent> stayed within acceptable think time.
2021-03-08 15:01:31,735 [BombeRLeWorld] INFO: Agent <rule_based_agent_1>'s bomb at (15, 13) explodes
2021-03-08 15:01:31,736 [BombeRLeWorld] INFO: Coin found at (15, 10)
2021-03-08 15:01:32,245 [BombeRLeWorld] INFO: STARTING STEP 8
2021-03-08 15:01:32,256 [BombeRLeWorld] INFO: Agent <user_agent> chose action BOMB in 0.00s.
2021-03-08 15:01:32,256 [BombeRLeWorld] WARNING: Agent <user_agent> stayed within acceptable think time.
2021-03-08 15:01:32,257 [BombeRLeWorld] INFO: Agent <user_agent> drops bomb at (2, 13)
2021-03-08 15:01:32,257 [BombeRLeWorld] INFO: Agent <rule_based_agent_0> chose action BOMB in 0.00s.
2021-03-08 15:01:32,257 [BombeRLeWorld] WARNING: Agent <rule_based_agent_0> stayed within acceptable think time.
2021-03-08 15:01:32,257 [BombeRLeWorld] INFO: Agent <rule_based_agent_0> drops bomb at (3, 1)
2021-03-08 15:01:32,257 [BombeRLeWorld] INFO: Agent <rule_based_agent_1> chose action BOMB in 0.00s.
2021-03-08 15:01:32,257 [BombeRLeWorld] WARNING: Agent <rule_based_agent_1> stayed within acceptable think time.
2021-03-08 15:01:32,257 [BombeRLeWorld] INFO: Agent <rule_based_agent_1> drops bomb at (13, 15)
2021-03-08 15:01:32,257 [BombeRLeWorld] INFO: Agent <random_agent> chose action LEFT in 0.00s.
2021-03-08 15:01:32,258 [BombeRLeWorld] WARNING: Agent <random_agent> stayed within acceptable think time.
2021-03-08 15:01:32,359 [BombeRLeWorld] INFO: STARTING STEP 9
2021-03-08 15:01:32,368 [BombeRLeWorld] INFO: Agent <rule_based_agent_1> chose action RIGHT in 0.00s.
2021-03-08 15:01:32,368 [BombeRLeWorld] WARNING: Agent <rule_based_agent_1> stayed within acceptable think time.
2021-03-08 15:01:32,368 [BombeRLeWorld] INFO: Agent <random_agent> chose action DOWN in 0.00s.
2021-03-08 15:01:32,368 [BombeRLeWorld] WARNING: Agent <random_agent> stayed within acceptable think time.
2021-03-08 15:01:32,368 [BombeRLeWorld] INFO: Agent <user_agent> chose action LEFT in 0.00s.
2021-03-08 15:01:32,369 [BombeRLeWorld] WARNING: Agent <user_agent> stayed within acceptable think time.
2021-03-08 15:01:32,369 [BombeRLeWorld] INFO: Agent <rule_based_agent_0> chose action LEFT in 0.00s.
2021-03-08 15:01:32,369 [BombeRLeWorld] WARNING: Agent <rule_based_agent_0> stayed within acceptable think time.
2021-03-08 15:01:32,779 [BombeRLeWorld] INFO: STARTING STEP 10
2021-03-08 15:01:32,792 [BombeRLeWorld] INFO: Agent <random_agent> chose action RIGHT in 0.00s.
2021-03-08 15:01:32,792 [BombeRLeWorld] WARNING: Agent <random_agent> stayed within acceptable think time.
2021-03-08 15:01:32,792 [BombeRLeWorld] INFO: Agent <user_agent> chose action DOWN in 0.00s.
2021-03-08 15:01:32,792 [BombeRLeWorld] WARNING: Agent <user_agent> stayed within acceptable think time.
2021-03-08 15:01:32,792 [BombeRLeWorld] INFO: Agent <rule_based_agent_1> chose action RIGHT in 0.00s.
2021-03-08 15:01:32,792 [BombeRLeWorld] WARNING: Agent <rule_based_agent_1> stayed within acceptable think time.
2021-03-08 15:01:32,792 [BombeRLeWorld] INFO: Agent <rule_based_agent_0> chose action LEFT in 0.00s.
2021-03-08 15:01:32,792 [BombeRLeWorld] WARNING: Agent <rule_based_agent_0> stayed within acceptable think time.
2021-03-08 15:01:33,100 [BombeRLeWorld] INFO: STARTING STEP 11
2021-03-08 15:01:33,121 [BombeRLeWorld] INFO: Agent <user_agent> chose action DOWN in 0.00s.
2021-03-08 15:01:33,121 [BombeRLeWorld] WARNING: Agent <user_agent> stayed within acceptable think time.
2021-03-08 15:01:33,121 [BombeRLeWorld] INFO: Agent <random_agent> chose action LEFT in 0.00s.
2021-03-08 15:01:33,121 [BombeRLeWorld] WARNING: Agent <random_agent> stayed within acceptable think time.
2021-03-08 15:01:33,122 [BombeRLeWorld] INFO: Agent <rule_based_agent_1> chose action UP in 0.00s.
2021-03-08 15:01:33,122 [BombeRLeWorld] WARNING: Agent <rule_based_agent_1> stayed within acceptable think time.
2021-03-08 15:01:33,122 [BombeRLeWorld] INFO: Agent <rule_based_agent_0> chose action DOWN in 0.00s.
2021-03-08 15:01:33,122 [BombeRLeWorld] WARNING: Agent <rule_based_agent_0> stayed within acceptable think time.
2021-03-08 15:01:33,424 [BombeRLeWorld] INFO: STARTING STEP 12
2021-03-08 15:01:33,456 [BombeRLeWorld] INFO: Agent <rule_based_agent_1> chose action UP in 0.00s.
2021-03-08 15:01:33,456 [BombeRLeWorld] WARNING: Agent <rule_based_agent_1> stayed within acceptable think time.
2021-03-08 15:01:33,456 [BombeRLeWorld] INFO: Agent <rule_based_agent_0> chose action DOWN in 0.00s.
2021-03-08 15:01:33,456 [BombeRLeWorld] WARNING: Agent <rule_based_agent_0> stayed within acceptable think time.
2021-03-08 15:01:33,457 [BombeRLeWorld] INFO: Agent <user_agent> chose action RIGHT in 0.00s.
2021-03-08 15:01:33,457 [BombeRLeWorld] WARNING: Agent <user_agent> stayed within acceptable think time.
2021-03-08 15:01:33,457 [BombeRLeWorld] INFO: Agent <random_agent> chose action RIGHT in 0.00s.
2021-03-08 15:01:33,457 [BombeRLeWorld] WARNING: Agent <random_agent> stayed within acceptable think time.
2021-03-08 15:01:33,457 [BombeRLeWorld] INFO: Agent <user_agent>'s bomb at (2, 13) explodes
2021-03-08 15:01:33,457 [BombeRLeWorld] INFO: Agent <rule_based_agent_0>'s bomb at (3, 1) explodes
2021-03-08 15:01:33,457 [BombeRLeWorld] INFO: Agent <rule_based_agent_1>'s bomb at (13, 15) explodes
2021-03-08 15:01:33,966 [BombeRLeWorld] INFO: STARTING STEP 13
2021-03-08 15:01:33,985 [BombeRLeWorld] INFO: Agent <rule_based_agent_1> chose action UP in 0.01s.
2021-03-08 15:01:33,985 [BombeRLeWorld] WARNING: Agent <rule_based_agent_1> stayed within acceptable think time.
2021-03-08 15:01:33,986 [BombeRLeWorld] INFO: Agent <rule_based_agent_0> chose action DOWN in 0.00s.
2021-03-08 15:01:33,986 [BombeRLeWorld] WARNING: Agent <rule_based_agent_0> stayed within acceptable think time.
2021-03-08 15:01:33,986 [BombeRLeWorld] INFO: Agent <random_agent> chose action UP in 0.00s.
2021-03-08 15:01:33,986 [BombeRLeWorld] WARNING: Agent <random_agent> stayed within acceptable think time.
2021-03-08 15:01:33,986 [BombeRLeWorld] INFO: Agent <user_agent> chose action RIGHT in 0.00s.
2021-03-08 15:01:33,987 [BombeRLeWorld] WARNING: Agent <user_agent> stayed within acceptable think time.
2021-03-08 15:01:34,289 [BombeRLeWorld] INFO: STARTING STEP 14
2021-03-08 15:01:34,300 [BombeRLeWorld] INFO: Agent <rule_based_agent_1> chose action UP in 0.00s.
2021-03-08 15:01:34,300 [BombeRLeWorld] WARNING: Agent <rule_based_agent_1> stayed within acceptable think time.
2021-03-08 15:01:34,301 [BombeRLeWorld] INFO: Agent <random_agent> chose action UP in 0.00s.
2021-03-08 15:01:34,301 [BombeRLeWorld] WARNING: Agent <random_agent> stayed within acceptable think time.
2021-03-08 15:01:34,301 [BombeRLeWorld] INFO: Agent <user_agent> chose action RIGHT in 0.00s.
2021-03-08 15:01:34,301 [BombeRLeWorld] WARNING: Agent <user_agent> stayed within acceptable think time.
2021-03-08 15:01:34,302 [BombeRLeWorld] INFO: Agent <rule_based_agent_0> chose action DOWN in 0.00s.
2021-03-08 15:01:34,302 [BombeRLeWorld] WARNING: Agent <rule_based_agent_0> stayed within acceptable think time.
2021-03-08 15:01:34,507 [BombeRLeWorld] INFO: STARTING STEP 15
2021-03-08 15:01:34,512 [BombeRLeWorld] INFO: Agent <user_agent> chose action RIGHT in 0.00s.
2021-03-08 15:01:34,512 [BombeRLeWorld] WARNING: Agent <user_agent> stayed within acceptable think time.
2021-03-08 15:01:34,512 [BombeRLeWorld] INFO: Agent <rule_based_agent_1> chose action UP in 0.00s.
2021-03-08 15:01:34,513 [BombeRLeWorld] WARNING: Agent <rule_based_agent_1> stayed within acceptable think time.
2021-03-08 15:01:34,513 [BombeRLeWorld] INFO: Agent <random_agent> chose action DOWN in 0.00s.
2021-03-08 15:01:34,513 [BombeRLeWorld] WARNING: Agent <random_agent> stayed within acceptable think time.
2021-03-08 15:01:34,513 [BombeRLeWorld] INFO: Agent <rule_based_agent_0> chose action BOMB in 0.00s.
2021-03-08 15:01:34,513 [BombeRLeWorld] WARNING: Agent <rule_based_agent_0> stayed within acceptable think time.
2021-03-08 15:01:34,513 [BombeRLeWorld] INFO: Agent <rule_based_agent_0> drops bomb at (1, 5)
2021-03-08 15:01:34,513 [BombeRLeWorld] INFO: Agent <rule_based_agent_1> picked up coin at (15, 10) and receives 1 point
2021-03-08 15:01:34,917 [BombeRLeWorld] INFO: STARTING STEP 16
2021-03-08 15:01:34,926 [BombeRLeWorld] INFO: Agent <user_agent> chose action BOMB in 0.00s.
2021-03-08 15:01:34,926 [BombeRLeWorld] WARNING: Agent <user_agent> stayed within acceptable think time.
2021-03-08 15:01:34,926 [BombeRLeWorld] INFO: Agent <user_agent> drops bomb at (5, 15)
2021-03-08 15:01:34,926 [BombeRLeWorld] INFO: Agent <rule_based_agent_1> chose action BOMB in 0.00s.
2021-03-08 15:01:34,926 [BombeRLeWorld] WARNING: Agent <rule_based_agent_1> stayed within acceptable think time.
2021-03-08 15:01:34,926 [BombeRLeWorld] INFO: Agent <rule_based_agent_1> drops bomb at (15, 10)
2021-03-08 15:01:34,926 [BombeRLeWorld] INFO: Agent <random_agent> chose action LEFT in 0.00s.
2021-03-08 15:01:34,927 [BombeRLeWorld] WARNING: Agent <random_agent> stayed within acceptable think time.
2021-03-08 15:01:34,927 [BombeRLeWorld] INFO: Agent <rule_based_agent_0> chose action UP in 0.00s.
2021-03-08 15:01:34,927 [BombeRLeWorld] WARNING: Agent <rule_based_agent_0> stayed within acceptable think time.
2021-03-08 15:01:35,029 [BombeRLeWorld] INFO: STARTING STEP 17
2021-03-08 15:01:35,039 [BombeRLeWorld] INFO: Agent <rule_based_agent_0> chose action UP in 0.00s.
2021-03-08 15:01:35,039 [BombeRLeWorld] WARNING: Agent <rule_based_agent_0> stayed within acceptable think time.
2021-03-08 15:01:35,039 [BombeRLeWorld] INFO: Agent <user_agent> chose action LEFT in 0.00s.
2021-03-08 15:01:35,039 [BombeRLeWorld] WARNING: Agent <user_agent> stayed within acceptable think time.
2021-03-08 15:01:35,039 [BombeRLeWorld] INFO: Agent <random_agent> chose action DOWN in 0.00s.
2021-03-08 15:01:35,040 [BombeRLeWorld] WARNING: Agent <random_agent> stayed within acceptable think time.
2021-03-08 15:01:35,040 [BombeRLeWorld] INFO: Agent <rule_based_agent_1> chose action DOWN in 0.00s.
2021-03-08 15:01:35,040 [BombeRLeWorld] WARNING: Agent <rule_based_agent_1> stayed within acceptable think time.
2021-03-08 15:01:35,347 [BombeRLeWorld] INFO: STARTING STEP 18
2021-03-08 15:01:35,357 [BombeRLeWorld] INFO: Agent <user_agent> chose action LEFT in 0.00s.
2021-03-08 15:01:35,357 [BombeRLeWorld] WARNING: Agent <user_agent> stayed within acceptable think time.
2021-03-08 15:01:35,357 [BombeRLeWorld] INFO: Agent <rule_based_agent_1> chose action DOWN in 0.00s.
2021-03-08 15:01:35,358 [BombeRLeWorld] WARNING: Agent <rule_based_agent_1> stayed within acceptable think time.
2021-03-08 15:01:35,358 [BombeRLeWorld] INFO: Agent <random_agent> chose action BOMB in 0.00s.
2021-03-08 15:01:35,358 [BombeRLeWorld] WARNING: Agent <random_agent> stayed within acceptable think time.
2021-03-08 15:01:35,358 [BombeRLeWorld] INFO: Agent <random_agent> drops bomb at (15, 2)
2021-03-08 15:01:35,358 [BombeRLeWorld] INFO: Agent <rule_based_agent_0> chose action UP in 0.00s.
2021-03-08 15:01:35,358 [BombeRLeWorld] WARNING: Agent <rule_based_agent_0> stayed within acceptable think time.
2021-03-08 15:01:35,661 [BombeRLeWorld] INFO: STARTING STEP 19
2021-03-08 15:01:35,675 [BombeRLeWorld] INFO: Agent <rule_based_agent_0> chose action UP in 0.00s.
2021-03-08 15:01:35,675 [BombeRLeWorld] WARNING: Agent <rule_based_agent_0> stayed within acceptable think time.
2021-03-08 15:01:35,675 [BombeRLeWorld] INFO: Agent <random_agent> chose action UP in 0.00s.
2021-03-08 15:01:35,675 [BombeRLeWorld] WARNING: Agent <random_agent> stayed within acceptable think time.
2021-03-08 15:01:35,675 [BombeRLeWorld] INFO: Agent <user_agent> chose action LEFT in 0.00s.
2021-03-08 15:01:35,675 [BombeRLeWorld] WARNING: Agent <user_agent> stayed within acceptable think time.
2021-03-08 15:01:35,675 [BombeRLeWorld] INFO: Agent <rule_based_agent_1> chose action DOWN in 0.00s.
2021-03-08 15:01:35,676 [BombeRLeWorld] WARNING: Agent <rule_based_agent_1> stayed within acceptable think time.
2021-03-08 15:01:35,676 [BombeRLeWorld] INFO: Agent <rule_based_agent_0>'s bomb at (1, 5) explodes
2021-03-08 15:01:35,977 [BombeRLeWorld] INFO: STARTING STEP 20
2021-03-08 15:01:35,995 [BombeRLeWorld] INFO: Agent <user_agent> chose action LEFT in 0.00s.
2021-03-08 15:01:35,995 [BombeRLeWorld] WARNING: Agent <user_agent> stayed within acceptable think time.
2021-03-08 15:01:35,996 [BombeRLeWorld] INFO: Agent <rule_based_agent_0> chose action RIGHT in 0.01s.
2021-03-08 15:01:35,996 [BombeRLeWorld] WARNING: Agent <rule_based_agent_0> stayed within acceptable think time.
2021-03-08 15:01:35,996 [BombeRLeWorld] INFO: Agent <rule_based_agent_1> chose action LEFT in 0.01s.
2021-03-08 15:01:35,996 [BombeRLeWorld] WARNING: Agent <rule_based_agent_1> stayed within acceptable think time.
2021-03-08 15:01:35,996 [BombeRLeWorld] INFO: Agent <random_agent> chose action DOWN in 0.00s.
2021-03-08 15:01:35,997 [BombeRLeWorld] WARNING: Agent <random_agent> stayed within acceptable think time.
2021-03-08 15:01:35,997 [BombeRLeWorld] INFO: Agent <user_agent>'s bomb at (5, 15) explodes
2021-03-08 15:01:35,997 [BombeRLeWorld] INFO: Agent <rule_based_agent_1>'s bomb at (15, 10) explodes
2021-03-08 15:01:36,098 [BombeRLeWorld] INFO: STARTING STEP 21
2021-03-08 15:01:36,112 [BombeRLeWorld] INFO: Agent <random_agent> chose action UP in 0.00s.
2021-03-08 15:01:36,112 [BombeRLeWorld] WARNING: Agent <random_agent> stayed within acceptable think time.
2021-03-08 15:01:36,112 [BombeRLeWorld] INFO: Agent <rule_based_agent_1> chose action LEFT in 0.00s.
2021-03-08 15:01:36,112 [BombeRLeWorld] WARNING: Agent <rule_based_agent_1> stayed within acceptable think time.
2021-03-08 15:01:36,113 [BombeRLeWorld] INFO: Agent <user_agent> chose action UP in 0.00s.
2021-03-08 15:01:36,113 [BombeRLeWorld] WARNING: Agent <user_agent> stayed within acceptable think time.
2021-03-08 15:01:36,113 [BombeRLeWorld] INFO: Agent <rule_based_agent_0> chose action RIGHT in 0.01s.
2021-03-08 15:01:36,113 [BombeRLeWorld] WARNING: Agent <rule_based_agent_0> stayed within acceptable think time.
2021-03-08 15:01:36,924 [BombeRLeWorld] INFO: STARTING STEP 22
2021-03-08 15:01:36,939 [BombeRLeWorld] INFO: Agent <rule_based_agent_1> chose action UP in 0.00s.
2021-03-08 15:01:36,939 [BombeRLeWorld] WARNING: Agent <rule_based_agent_1> stayed within acceptable think time.
2021-03-08 15:01:36,939 [BombeRLeWorld] INFO: Agent <random_agent> chose action DOWN in 0.00s.
2021-03-08 15:01:36,940 [BombeRLeWorld] WARNING: Agent <random_agent> stayed within acceptable think time.
2021-03-08 15:01:36,940 [BombeRLeWorld] INFO: Agent <rule_based_agent_0> chose action RIGHT in 0.01s.
2021-03-08 15:01:36,940 [BombeRLeWorld] WARNING: Agent <rule_based_agent_0> stayed within acceptable think time.
2021-03-08 15:01:36,940 [BombeRLeWorld] INFO: Agent <user_agent> chose action RIGHT in 0.00s.
2021-03-08 15:01:36,940 [BombeRLeWorld] WARNING: Agent <user_agent> stayed within acceptable think time.
2021-03-08 15:01:36,941 [BombeRLeWorld] INFO: Agent <random_agent>'s bomb at (15, 2) explodes
2021-03-08 15:01:36,941 [BombeRLeWorld] INFO: Agent <random_agent> blown up by own bomb
2021-03-08 15:01:37,243 [BombeRLeWorld] INFO: STARTING STEP 23
2021-03-08 15:01:37,253 [BombeRLeWorld] INFO: Agent <rule_based_agent_1> chose action UP in 0.00s.
2021-03-08 15:01:37,254 [BombeRLeWorld] WARNING: Agent <rule_based_agent_1> stayed within acceptable think time.
2021-03-08 15:01:37,254 [BombeRLeWorld] INFO: Agent <user_agent> chose action UP in 0.00s.
2021-03-08 15:01:37,254 [BombeRLeWorld] WARNING: Agent <user_agent> stayed within acceptable think time.
2021-03-08 15:01:37,254 [BombeRLeWorld] INFO: Agent <rule_based_agent_0> chose action RIGHT in 0.00s.
2021-03-08 15:01:37,255 [BombeRLeWorld] WARNING: Agent <rule_based_agent_0> stayed within acceptable think time.
2021-03-08 15:01:37,659 [BombeRLeWorld] INFO: STARTING STEP 24
2021-03-08 15:01:37,668 [BombeRLeWorld] INFO: Agent <rule_based_agent_1> chose action BOMB in 0.00s.
2021-03-08 15:01:37,668 [BombeRLeWorld] WARNING: Agent <rule_based_agent_1> stayed within acceptable think time.
2021-03-08 15:01:37,669 [BombeRLeWorld] INFO: Agent <rule_based_agent_1> drops bomb at (13, 11)
2021-03-08 15:01:37,669 [BombeRLeWorld] INFO: Agent <rule_based_agent_0> chose action RIGHT in 0.00s.
2021-03-08 15:01:37,669 [BombeRLeWorld] WARNING: Agent <rule_based_agent_0> stayed within acceptable think time.
2021-03-08 15:01:37,669 [BombeRLeWorld] INFO: Agent <user_agent> chose action BOMB in 0.00s.
2021-03-08 15:01:37,669 [BombeRLeWorld] WARNING: Agent <user_agent> stayed within acceptable think time.
2021-03-08 15:01:37,670 [BombeRLeWorld] INFO: Agent <user_agent> drops bomb at (1, 13)
2021-03-08 15:01:37,877 [BombeRLeWorld] INFO: STARTING STEP 25
2021-03-08 15:01:37,890 [BombeRLeWorld] INFO: Agent <user_agent> chose action RIGHT in 0.00s.
2021-03-08 15:01:37,890 [BombeRLeWorld] WARNING: Agent <user_agent> stayed within acceptable think time.
2021-03-08 15:01:37,890 [BombeRLeWorld] INFO: Agent <rule_based_agent_1> chose action DOWN in 0.00s.
2021-03-08 15:01:37,891 [BombeRLeWorld] WARNING: Agent <rule_based_agent_1> stayed within acceptable think time.
2021-03-08 15:01:37,891 [BombeRLeWorld] INFO: Agent <rule_based_agent_0> chose action BOMB in 0.00s.
2021-03-08 15:01:37,891 [BombeRLeWorld] WARNING: Agent <rule_based_agent_0> stayed within acceptable think time.
2021-03-08 15:01:37,891 [BombeRLeWorld] INFO: Agent <rule_based_agent_0> drops bomb at (6, 1)
2021-03-08 15:01:38,300 [BombeRLeWorld] INFO: STARTING STEP 26
2021-03-08 15:01:38,316 [BombeRLeWorld] INFO: Agent <rule_based_agent_1> chose action DOWN in 0.00s.
2021-03-08 15:01:38,316 [BombeRLeWorld] WARNING: Agent <rule_based_agent_1> stayed within acceptable think time.
2021-03-08 15:01:38,317 [BombeRLeWorld] INFO: Agent <rule_based_agent_0> chose action LEFT in 0.01s.
2021-03-08 15:01:38,317 [BombeRLeWorld] WARNING: Agent <rule_based_agent_0> stayed within acceptable think time.
2021-03-08 15:01:38,317 [BombeRLeWorld] INFO: Agent <user_agent> chose action RIGHT in 0.00s.
2021-03-08 15:01:38,317 [BombeRLeWorld] WARNING: Agent <user_agent> stayed within acceptable think time.
2021-03-08 15:01:38,719 [BombeRLeWorld] INFO: STARTING STEP 27
2021-03-08 15:01:38,735 [BombeRLeWorld] INFO: Agent <user_agent> chose action UP in 0.00s.
2021-03-08 15:01:38,735 [BombeRLeWorld] WARNING: Agent <user_agent> stayed within acceptable think time.
2021-03-08 15:01:38,735 [BombeRLeWorld] INFO: Agent <rule_based_agent_0> chose action LEFT in 0.01s.
2021-03-08 15:01:38,735 [BombeRLeWorld] WARNING: Agent <rule_based_agent_0> stayed within acceptable think time.
2021-03-08 15:01:38,736 [BombeRLeWorld] INFO: Agent <rule_based_agent_1> chose action RIGHT in 0.00s.
2021-03-08 15:01:38,736 [BombeRLeWorld] WARNING: Agent <rule_based_agent_1> stayed within acceptable think time.
2021-03-08 15:01:40,563 [BombeRLeWorld] INFO: STARTING STEP 28
2021-03-08 15:01:40,579 [BombeRLeWorld] INFO: Agent <rule_based_agent_1> chose action RIGHT in 0.00s.
2021-03-08 15:01:40,579 [BombeRLeWorld] WARNING: Agent <rule_based_agent_1> stayed within acceptable think time.
2021-03-08 15:01:40,579 [BombeRLeWorld] INFO: Agent <rule_based_agent_0> chose action LEFT in 0.01s.
2021-03-08 15:01:40,579 [BombeRLeWorld] WARNING: Agent <rule_based_agent_0> stayed within acceptable think time.
2021-03-08 15:01:40,580 [BombeRLeWorld] INFO: Agent <user_agent> chose action RIGHT in 0.00s.
2021-03-08 15:01:40,580 [BombeRLeWorld] WARNING: Agent <user_agent> stayed within acceptable think time.
2021-03-08 15:01:40,580 [BombeRLeWorld] INFO: Agent <rule_based_agent_1>'s bomb at (13, 11) explodes
2021-03-08 15:01:40,580 [BombeRLeWorld] INFO: Agent <user_agent>'s bomb at (1, 13) explodes
2021-03-08 15:01:42,109 [BombeRLeWorld] INFO: STARTING STEP 29
2021-03-08 15:01:42,145 [BombeRLeWorld] INFO: Agent <rule_based_agent_1> chose action LEFT in 0.01s.
2021-03-08 15:01:42,145 [BombeRLeWorld] WARNING: Agent <rule_based_agent_1> stayed within acceptable think time.
2021-03-08 15:01:42,146 [BombeRLeWorld] INFO: Agent <user_agent> chose action BOMB in 0.00s.
2021-03-08 15:01:42,146 [BombeRLeWorld] WARNING: Agent <user_agent> stayed within acceptable think time.
2021-03-08 15:01:42,146 [BombeRLeWorld] INFO: Agent <user_agent> drops bomb at (3, 12)
2021-03-08 15:01:42,146 [BombeRLeWorld] INFO: Agent <rule_based_agent_0> chose action DOWN in 0.01s.
2021-03-08 15:01:42,146 [BombeRLeWorld] WARNING: Agent <rule_based_agent_0> stayed within acceptable think time.
2021-03-08 15:01:42,147 [BombeRLeWorld] INFO: Agent <rule_based_agent_0>'s bomb at (6, 1) explodes
2021-03-08 15:01:42,656 [BombeRLeWorld] INFO: STARTING STEP 30
2021-03-08 15:01:42,668 [BombeRLeWorld] INFO: Agent <rule_based_agent_1> chose action LEFT in 0.00s.
2021-03-08 15:01:42,668 [BombeRLeWorld] WARNING: Agent <rule_based_agent_1> stayed within acceptable think time.
2021-03-08 15:01:42,668 [BombeRLeWorld] INFO: Agent <rule_based_agent_0> chose action DOWN in 0.01s.
2021-03-08 15:01:42,668 [BombeRLeWorld] WARNING: Agent <rule_based_agent_0> stayed within acceptable think time.
2021-03-08 15:01:42,669 [BombeRLeWorld] INFO: Agent <user_agent> chose action DOWN in 0.00s.
2021-03-08 15:01:42,669 [BombeRLeWorld] WARNING: Agent <user_agent> stayed within acceptable think time.
2021-03-08 15:01:43,073 [BombeRLeWorld] INFO: STARTING STEP 31
2021-03-08 15:01:43,088 [BombeRLeWorld] INFO: Agent <rule_based_agent_0> chose action DOWN in 0.01s.
2021-03-08 15:01:43,088 [BombeRLeWorld] WARNING: Agent <rule_based_agent_0> stayed within acceptable think time.
2021-03-08 15:01:43,088 [BombeRLeWorld] INFO: Agent <rule_based_agent_1> chose action LEFT in 0.00s.
2021-03-08 15:01:43,089 [BombeRLeWorld] WARNING: Agent <rule_based_agent_1> stayed within acceptable think time.
2021-03-08 15:01:43,089 [BombeRLeWorld] INFO: Agent <user_agent> chose action RIGHT in 0.00s.
2021-03-08 15:01:43,089 [BombeRLeWorld] WARNING: Agent <user_agent> stayed within acceptable think time.
2021-03-08 15:01:43,600 [BombeRLeWorld] INFO: STARTING STEP 32
2021-03-08 15:01:43,607 [BombeRLeWorld] INFO: Agent <rule_based_agent_1> chose action LEFT in 0.00s.
2021-03-08 15:01:43,607 [BombeRLeWorld] WARNING: Agent <rule_based_agent_1> stayed within acceptable think time.
2021-03-08 15:01:43,607 [BombeRLeWorld] INFO: Agent <user_agent> chose action RIGHT in 0.00s.
2021-03-08 15:01:43,607 [BombeRLeWorld] WARNING: Agent <user_agent> stayed within acceptable think time.
2021-03-08 15:01:43,608 [BombeRLeWorld] INFO: Agent <rule_based_agent_0> chose action DOWN in 0.00s.
2021-03-08 15:01:43,608 [BombeRLeWorld] WARNING: Agent <rule_based_agent_0> stayed within acceptable think time.
2021-03-08 15:01:44,726 [BombeRLeWorld] INFO: STARTING STEP 33
2021-03-08 15:01:44,733 [BombeRLeWorld] INFO: Agent <user_agent> chose action UP in 0.00s.
2021-03-08 15:01:44,733 [BombeRLeWorld] WARNING: Agent <user_agent> stayed within acceptable think time.
2021-03-08 15:01:44,733 [BombeRLeWorld] INFO: Agent <rule_based_agent_1> chose action BOMB in 0.00s.
2021-03-08 15:01:44,733 [BombeRLeWorld] WARNING: Agent <rule_based_agent_1> stayed within acceptable think time.
2021-03-08 15:01:44,733 [BombeRLeWorld] INFO: Agent <rule_based_agent_1> drops bomb at (11, 13)
2021-03-08 15:01:44,733 [BombeRLeWorld] INFO: Agent <rule_based_agent_0> chose action RIGHT in 0.00s.
2021-03-08 15:01:44,733 [BombeRLeWorld] WARNING: Agent <rule_based_agent_0> stayed within acceptable think time.
2021-03-08 15:01:44,733 [BombeRLeWorld] INFO: Agent <user_agent>'s bomb at (3, 12) explodes
2021-03-08 15:01:45,240 [BombeRLeWorld] INFO: STARTING STEP 34
2021-03-08 15:01:45,255 [BombeRLeWorld] INFO: Agent <rule_based_agent_1> chose action RIGHT in 0.01s.
2021-03-08 15:01:45,255 [BombeRLeWorld] WARNING: Agent <rule_based_agent_1> stayed within acceptable think time.
2021-03-08 15:01:45,255 [BombeRLeWorld] INFO: Agent <rule_based_agent_0> chose action RIGHT in 0.00s.
2021-03-08 15:01:45,256 [BombeRLeWorld] WARNING: Agent <rule_based_agent_0> stayed within acceptable think time.
2021-03-08 15:01:45,256 [BombeRLeWorld] INFO: Agent <user_agent> chose action BOMB in 0.00s.
2021-03-08 15:01:45,256 [BombeRLeWorld] WARNING: Agent <user_agent> stayed within acceptable think time.
2021-03-08 15:01:45,256 [BombeRLeWorld] INFO: Agent <user_agent> drops bomb at (5, 12)
2021-03-08 15:01:45,665 [BombeRLeWorld] INFO: STARTING STEP 35
2021-03-08 15:01:45,680 [BombeRLeWorld] INFO: Agent <rule_based_agent_0> chose action UP in 0.00s.
2021-03-08 15:01:45,680 [BombeRLeWorld] WARNING: Agent <rule_based_agent_0> stayed within acceptable think time.
2021-03-08 15:01:45,680 [BombeRLeWorld] INFO: Agent <rule_based_agent_1> chose action RIGHT in 0.01s.
2021-03-08 15:01:45,680 [BombeRLeWorld] WARNING: Agent <rule_based_agent_1> stayed within acceptable think time.
2021-03-08 15:01:45,681 [BombeRLeWorld] INFO: Agent <user_agent> chose action DOWN in 0.00s.
2021-03-08 15:01:45,681 [BombeRLeWorld] WARNING: Agent <user_agent> stayed within acceptable think time.
2021-03-08 15:01:45,986 [BombeRLeWorld] INFO: STARTING STEP 36
2021-03-08 15:01:46,000 [BombeRLeWorld] INFO: Agent <user_agent> chose action DOWN in 0.00s.
2021-03-08 15:01:46,000 [BombeRLeWorld] WARNING: Agent <user_agent> stayed within acceptable think time.
2021-03-08 15:01:46,001 [BombeRLeWorld] INFO: Agent <rule_based_agent_1> chose action DOWN in 0.01s.
2021-03-08 15:01:46,001 [BombeRLeWorld] WARNING: Agent <rule_based_agent_1> stayed within acceptable think time.
2021-03-08 15:01:46,001 [BombeRLeWorld] INFO: Agent <rule_based_agent_0> chose action BOMB in 0.00s.
2021-03-08 15:01:46,001 [BombeRLeWorld] WARNING: Agent <rule_based_agent_0> stayed within acceptable think time.
2021-03-08 15:01:46,002 [BombeRLeWorld] INFO: Agent <rule_based_agent_0> drops bomb at (5, 4)
2021-03-08 15:01:46,411 [BombeRLeWorld] INFO: STARTING STEP 37
2021-03-08 15:01:46,427 [BombeRLeWorld] INFO: Agent <user_agent> chose action DOWN in 0.00s.
2021-03-08 15:01:46,427 [BombeRLeWorld] WARNING: Agent <user_agent> stayed within acceptable think time.
2021-03-08 15:01:46,427 [BombeRLeWorld] INFO: Agent <rule_based_agent_1> chose action DOWN in 0.01s.
2021-03-08 15:01:46,428 [BombeRLeWorld] WARNING: Agent <rule_based_agent_1> stayed within acceptable think time.
2021-03-08 15:01:46,428 [BombeRLeWorld] INFO: Agent <rule_based_agent_0> chose action DOWN in 0.01s.
2021-03-08 15:01:46,428 [BombeRLeWorld] WARNING: Agent <rule_based_agent_0> stayed within acceptable think time.
2021-03-08 15:01:46,428 [BombeRLeWorld] INFO: Agent <rule_based_agent_1>'s bomb at (11, 13) explodes
2021-03-08 15:01:46,428 [BombeRLeWorld] INFO: Coin found at (11, 14)
2021-03-08 15:01:46,731 [BombeRLeWorld] INFO: STARTING STEP 38
2021-03-08 15:01:46,738 [BombeRLeWorld] INFO: Agent <rule_based_agent_0> chose action LEFT in 0.00s.
2021-03-08 15:01:46,739 [BombeRLeWorld] WARNING: Agent <rule_based_agent_0> stayed within acceptable think time.
2021-03-08 15:01:46,739 [BombeRLeWorld] INFO: Agent <user_agent> chose action LEFT in 0.00s.
2021-03-08 15:01:46,739 [BombeRLeWorld] WARNING: Agent <user_agent> stayed within acceptable think time.
2021-03-08 15:01:46,739 [BombeRLeWorld] INFO: Agent <rule_based_agent_1> chose action LEFT in 0.00s.
2021-03-08 15:01:46,739 [BombeRLeWorld] WARNING: Agent <rule_based_agent_1> stayed within acceptable think time.
2021-03-08 15:01:46,739 [BombeRLeWorld] INFO: Agent <user_agent>'s bomb at (5, 12) explodes
2021-03-08 15:01:46,739 [BombeRLeWorld] INFO: Coin found at (5, 11)
2021-03-08 15:01:47,860 [BombeRLeWorld] INFO: STARTING STEP 39
2021-03-08 15:01:47,882 [BombeRLeWorld] INFO: Agent <rule_based_agent_0> chose action LEFT in 0.01s.
2021-03-08 15:01:47,883 [BombeRLeWorld] WARNING: Agent <rule_based_agent_0> stayed within acceptable think time.
2021-03-08 15:01:47,883 [BombeRLeWorld] INFO: Agent <user_agent> chose action RIGHT in 0.00s.
2021-03-08 15:01:47,883 [BombeRLeWorld] WARNING: Agent <user_agent> stayed within acceptable think time.
2021-03-08 15:01:47,883 [BombeRLeWorld] INFO: Agent <rule_based_agent_1> chose action LEFT in 0.00s.
2021-03-08 15:01:47,884 [BombeRLeWorld] WARNING: Agent <rule_based_agent_1> stayed within acceptable think time.
2021-03-08 15:01:48,185 [BombeRLeWorld] INFO: STARTING STEP 40
2021-03-08 15:01:48,213 [BombeRLeWorld] INFO: Agent <user_agent> chose action UP in 0.00s.
2021-03-08 15:01:48,213 [BombeRLeWorld] WARNING: Agent <user_agent> stayed within acceptable think time.
2021-03-08 15:01:48,214 [BombeRLeWorld] INFO: Agent <rule_based_agent_0> chose action LEFT in 0.01s.
2021-03-08 15:01:48,214 [BombeRLeWorld] WARNING: Agent <rule_based_agent_0> stayed within acceptable think time.
2021-03-08 15:01:48,214 [BombeRLeWorld] INFO: Agent <rule_based_agent_1> chose action LEFT in 0.00s.
2021-03-08 15:01:48,214 [BombeRLeWorld] WARNING: Agent <rule_based_agent_1> stayed within acceptable think time.
2021-03-08 15:01:48,214 [BombeRLeWorld] INFO: Agent <rule_based_agent_0>'s bomb at (5, 4) explodes
2021-03-08 15:01:48,623 [BombeRLeWorld] INFO: STARTING STEP 41
2021-03-08 15:01:48,641 [BombeRLeWorld] INFO: Agent <user_agent> chose action UP in 0.00s.
2021-03-08 15:01:48,641 [BombeRLeWorld] WARNING: Agent <user_agent> stayed within acceptable think time.
2021-03-08 15:01:48,641 [BombeRLeWorld] INFO: Agent <rule_based_agent_0> chose action LEFT in 0.01s.
2021-03-08 15:01:48,641 [BombeRLeWorld] WARNING: Agent <rule_based_agent_0> stayed within acceptable think time.
2021-03-08 15:01:48,641 [BombeRLeWorld] INFO: Agent <rule_based_agent_1> chose action BOMB in 0.00s.
2021-03-08 15:01:48,642 [BombeRLeWorld] WARNING: Agent <rule_based_agent_1> stayed within acceptable think time.
2021-03-08 15:01:48,642 [BombeRLeWorld] INFO: Agent <rule_based_agent_1> drops bomb at (10, 15)
2021-03-08 15:01:48,843 [BombeRLeWorld] INFO: STARTING STEP 42
2021-03-08 15:01:48,855 [BombeRLeWorld] INFO: Agent <user_agent> chose action UP in 0.00s.
2021-03-08 15:01:48,855 [BombeRLeWorld] WARNING: Agent <user_agent> stayed within acceptable think time.
2021-03-08 15:01:48,855 [BombeRLeWorld] INFO: Agent <rule_based_agent_0> chose action DOWN in 0.00s.
2021-03-08 15:01:48,855 [BombeRLeWorld] WARNING: Agent <rule_based_agent_0> stayed within acceptable think time.
2021-03-08 15:01:48,855 [BombeRLeWorld] INFO: Agent <rule_based_agent_1> chose action RIGHT in 0.00s.
2021-03-08 15:01:48,856 [BombeRLeWorld] WARNING: Agent <rule_based_agent_1> stayed within acceptable think time.
2021-03-08 15:01:49,258 [BombeRLeWorld] INFO: STARTING STEP 43
2021-03-08 15:01:49,279 [BombeRLeWorld] INFO: Agent <user_agent> chose action UP in 0.00s.
2021-03-08 15:01:49,279 [BombeRLeWorld] WARNING: Agent <user_agent> stayed within acceptable think time.
2021-03-08 15:01:49,279 [BombeRLeWorld] INFO: Agent <rule_based_agent_1> chose action UP in 0.00s.
2021-03-08 15:01:49,280 [BombeRLeWorld] WARNING: Agent <rule_based_agent_1> stayed within acceptable think time.
2021-03-08 15:01:49,280 [BombeRLeWorld] INFO: Agent <rule_based_agent_0> chose action DOWN in 0.00s.
2021-03-08 15:01:49,280 [BombeRLeWorld] WARNING: Agent <rule_based_agent_0> stayed within acceptable think time.
2021-03-08 15:01:49,280 [BombeRLeWorld] INFO: Agent <user_agent> picked up coin at (5, 11) and receives 1 point
2021-03-08 15:01:49,280 [BombeRLeWorld] INFO: Agent <rule_based_agent_1> picked up coin at (11, 14) and receives 1 point
2021-03-08 15:01:49,784 [BombeRLeWorld] INFO: STARTING STEP 44
2021-03-08 15:01:49,791 [BombeRLeWorld] INFO: Agent <rule_based_agent_0> chose action DOWN in 0.00s.
2021-03-08 15:01:49,791 [BombeRLeWorld] WARNING: Agent <rule_based_agent_0> stayed within acceptable think time.
2021-03-08 15:01:49,791 [BombeRLeWorld] INFO: Agent <rule_based_agent_1> chose action UP in 0.00s.
2021-03-08 15:01:49,791 [BombeRLeWorld] WARNING: Agent <rule_based_agent_1> stayed within acceptable think time.
2021-03-08 15:01:49,791 [BombeRLeWorld] INFO: Agent <user_agent> chose action BOMB in 0.00s.
2021-03-08 15:01:49,791 [BombeRLeWorld] WARNING: Agent <user_agent> stayed within acceptable think time.
2021-03-08 15:01:49,791 [BombeRLeWorld] INFO: Agent <user_agent> drops bomb at (5, 11)
2021-03-08 15:01:49,993 [BombeRLeWorld] INFO: STARTING STEP 45
2021-03-08 15:01:50,018 [BombeRLeWorld] INFO: Agent <user_agent> chose action DOWN in 0.00s.
2021-03-08 15:01:50,018 [BombeRLeWorld] WARNING: Agent <user_agent> stayed within acceptable think time.
2021-03-08 15:01:50,019 [BombeRLeWorld] INFO: Agent <rule_based_agent_1> chose action DOWN in 0.01s.
2021-03-08 15:01:50,019 [BombeRLeWorld] WARNING: Agent <rule_based_agent_1> stayed within acceptable think time.
2021-03-08 15:01:50,019 [BombeRLeWorld] INFO: Agent <rule_based_agent_0> chose action BOMB in 0.00s.
2021-03-08 15:01:50,019 [BombeRLeWorld] WARNING: Agent <rule_based_agent_0> stayed within acceptable think time.
2021-03-08 15:01:50,019 [BombeRLeWorld] INFO: Agent <rule_based_agent_0> drops bomb at (1, 8)
2021-03-08 15:01:50,020 [BombeRLeWorld] INFO: Agent <rule_based_agent_1>'s bomb at (10, 15) explodes
2021-03-08 15:01:50,429 [BombeRLeWorld] INFO: STARTING STEP 46
2021-03-08 15:01:50,443 [BombeRLeWorld] INFO: Agent <user_agent> chose action DOWN in 0.00s.
2021-03-08 15:01:50,443 [BombeRLeWorld] WARNING: Agent <user_agent> stayed within acceptable think time.
2021-03-08 15:01:50,443 [BombeRLeWorld] INFO: Agent <rule_based_agent_1> chose action UP in 0.00s.
2021-03-08 15:01:50,443 [BombeRLeWorld] WARNING: Agent <rule_based_agent_1> stayed within acceptable think time.
2021-03-08 15:01:50,443 [BombeRLeWorld] INFO: Agent <rule_based_agent_0> chose action UP in 0.00s.
2021-03-08 15:01:50,443 [BombeRLeWorld] WARNING: Agent <rule_based_agent_0> stayed within acceptable think time.
2021-03-08 15:01:50,746 [BombeRLeWorld] INFO: STARTING STEP 47
2021-03-08 15:01:50,778 [BombeRLeWorld] INFO: Agent <user_agent> chose action LEFT in 0.00s.
2021-03-08 15:01:50,778 [BombeRLeWorld] WARNING: Agent <user_agent> stayed within acceptable think time.
2021-03-08 15:01:50,778 [BombeRLeWorld] INFO: Agent <rule_based_agent_0> chose action UP in 0.01s.
2021-03-08 15:01:50,779 [BombeRLeWorld] WARNING: Agent <rule_based_agent_0> stayed within acceptable think time.
2021-03-08 15:01:50,779 [BombeRLeWorld] INFO: Agent <rule_based_agent_1> chose action UP in 0.01s.
2021-03-08 15:01:50,779 [BombeRLeWorld] WARNING: Agent <rule_based_agent_1> stayed within acceptable think time.
2021-03-08 15:01:51,082 [BombeRLeWorld] INFO: STARTING STEP 48
2021-03-08 15:01:51,106 [BombeRLeWorld] INFO: Agent <rule_based_agent_0> chose action UP in 0.01s.
2021-03-08 15:01:51,106 [BombeRLeWorld] WARNING: Agent <rule_based_agent_0> stayed within acceptable think time.
2021-03-08 15:01:51,106 [BombeRLeWorld] INFO: Agent <rule_based_agent_1> chose action UP in 0.01s.
2021-03-08 15:01:51,107 [BombeRLeWorld] WARNING: Agent <rule_based_agent_1> stayed within acceptable think time.
2021-03-08 15:01:51,107 [BombeRLeWorld] INFO: Agent <user_agent> chose action LEFT in 0.00s.
2021-03-08 15:01:51,107 [BombeRLeWorld] WARNING: Agent <user_agent> stayed within acceptable think time.
2021-03-08 15:01:51,107 [BombeRLeWorld] INFO: Agent <user_agent>'s bomb at (5, 11) explodes
2021-03-08 15:01:51,611 [BombeRLeWorld] INFO: STARTING STEP 49
2021-03-08 15:01:51,628 [BombeRLeWorld] INFO: Agent <user_agent> chose action UP in 0.00s.
2021-03-08 15:01:51,628 [BombeRLeWorld] WARNING: Agent <user_agent> stayed within acceptable think time.
2021-03-08 15:01:51,628 [BombeRLeWorld] INFO: Agent <rule_based_agent_1> chose action UP in 0.00s.
2021-03-08 15:01:51,628 [BombeRLeWorld] WARNING: Agent <rule_based_agent_1> stayed within acceptable think time.
2021-03-08 15:01:51,628 [BombeRLeWorld] INFO: Agent <rule_based_agent_0> chose action RIGHT in 0.01s.
2021-03-08 15:01:51,629 [BombeRLeWorld] WARNING: Agent <rule_based_agent_0> stayed within acceptable think time.
2021-03-08 15:01:51,629 [BombeRLeWorld] INFO: Agent <rule_based_agent_0>'s bomb at (1, 8) explodes
2021-03-08 15:01:52,037 [BombeRLeWorld] INFO: STARTING STEP 50
2021-03-08 15:01:52,052 [BombeRLeWorld] INFO: Agent <rule_based_agent_0> chose action RIGHT in 0.01s.
2021-03-08 15:01:52,052 [BombeRLeWorld] WARNING: Agent <rule_based_agent_0> stayed within acceptable think time.
2021-03-08 15:01:52,053 [BombeRLeWorld] INFO: Agent <rule_based_agent_1> chose action BOMB in 0.00s.
2021-03-08 15:01:52,053 [BombeRLeWorld] WARNING: Agent <rule_based_agent_1> stayed within acceptable think time.
2021-03-08 15:01:52,053 [BombeRLeWorld] INFO: Agent <rule_based_agent_1> drops bomb at (11, 10)
2021-03-08 15:01:52,053 [BombeRLeWorld] INFO: Agent <user_agent> chose action UP in 0.00s.
2021-03-08 15:01:52,053 [BombeRLeWorld] WARNING: Agent <user_agent> stayed within acceptable think time.
2021-03-08 15:01:52,460 [BombeRLeWorld] INFO: STARTING STEP 51
2021-03-08 15:01:52,473 [BombeRLeWorld] INFO: Agent <rule_based_agent_1> chose action DOWN in 0.00s.
2021-03-08 15:01:52,473 [BombeRLeWorld] WARNING: Agent <rule_based_agent_1> stayed within acceptable think time.
2021-03-08 15:01:52,473 [BombeRLeWorld] INFO: Agent <rule_based_agent_0> chose action RIGHT in 0.01s.
2021-03-08 15:01:52,473 [BombeRLeWorld] WARNING: Agent <rule_based_agent_0> stayed within acceptable think time.
2021-03-08 15:01:52,474 [BombeRLeWorld] INFO: Agent <user_agent> chose action UP in 0.00s.
2021-03-08 15:01:52,474 [BombeRLeWorld] WARNING: Agent <user_agent> stayed within acceptable think time.
2021-03-08 15:01:52,782 [BombeRLeWorld] INFO: STARTING STEP 52
2021-03-08 15:01:52,793 [BombeRLeWorld] INFO: Agent <rule_based_agent_0> chose action RIGHT in 0.01s.
2021-03-08 15:01:52,793 [BombeRLeWorld] WARNING: Agent <rule_based_agent_0> stayed within acceptable think time.
2021-03-08 15:01:52,794 [BombeRLeWorld] INFO: Agent <user_agent> chose action UP in 0.00s.
2021-03-08 15:01:52,794 [BombeRLeWorld] WARNING: Agent <user_agent> stayed within acceptable think time.
2021-03-08 15:01:52,794 [BombeRLeWorld] INFO: Agent <rule_based_agent_1> chose action RIGHT in 0.00s.
2021-03-08 15:01:52,794 [BombeRLeWorld] WARNING: Agent <rule_based_agent_1> stayed within acceptable think time.
2021-03-08 15:01:53,203 [BombeRLeWorld] INFO: STARTING STEP 53
2021-03-08 15:01:53,221 [BombeRLeWorld] INFO: Agent <rule_based_agent_1> chose action RIGHT in 0.01s.
2021-03-08 15:01:53,221 [BombeRLeWorld] WARNING: Agent <rule_based_agent_1> stayed within acceptable think time.
2021-03-08 15:01:53,221 [BombeRLeWorld] INFO: Agent <user_agent> chose action BOMB in 0.00s.
2021-03-08 15:01:53,221 [BombeRLeWorld] WARNING: Agent <user_agent> stayed within acceptable think time.
2021-03-08 15:01:53,221 [BombeRLeWorld] INFO: Agent <user_agent> drops bomb at (3, 9)
2021-03-08 15:01:53,221 [BombeRLeWorld] INFO: Agent <rule_based_agent_0> chose action DOWN in 0.01s.
2021-03-08 15:01:53,221 [BombeRLeWorld] WARNING: Agent <rule_based_agent_0> stayed within acceptable think time.
2021-03-08 15:01:53,529 [BombeRLeWorld] INFO: STARTING STEP 54
2021-03-08 15:01:53,544 [BombeRLeWorld] INFO: Agent <user_agent> chose action DOWN in 0.00s.
2021-03-08 15:01:53,544 [BombeRLeWorld] WARNING: Agent <user_agent> stayed within acceptable think time.
2021-03-08 15:01:53,545 [BombeRLeWorld] INFO: Agent <rule_based_agent_0> chose action DOWN in 0.01s.
2021-03-08 15:01:53,545 [BombeRLeWorld] WARNING: Agent <rule_based_agent_0> stayed within acceptable think time.
2021-03-08 15:01:53,545 [BombeRLeWorld] INFO: Agent <rule_based_agent_1> chose action LEFT in 0.01s.
2021-03-08 15:01:53,545 [BombeRLeWorld] WARNING: Agent <rule_based_agent_1> stayed within acceptable think time.
2021-03-08 15:01:53,546 [BombeRLeWorld] INFO: Agent <rule_based_agent_1>'s bomb at (11, 10) explodes
2021-03-08 15:01:53,951 [BombeRLeWorld] INFO: STARTING STEP 55
2021-03-08 15:01:53,972 [BombeRLeWorld] INFO: Agent <rule_based_agent_1> chose action RIGHT in 0.01s.
2021-03-08 15:01:53,972 [BombeRLeWorld] WARNING: Agent <rule_based_agent_1> stayed within acceptable think time.
2021-03-08 15:01:53,972 [BombeRLeWorld] INFO: Agent <rule_based_agent_0> chose action DOWN in 0.01s.
2021-03-08 15:01:53,972 [BombeRLeWorld] WARNING: Agent <rule_based_agent_0> stayed within acceptable think time.
2021-03-08 15:01:53,972 [BombeRLeWorld] INFO: Agent <user_agent> chose action DOWN in 0.00s.
2021-03-08 15:01:53,972 [BombeRLeWorld] WARNING: Agent <user_agent> stayed within acceptable think time.
2021-03-08 15:01:54,275 [BombeRLeWorld] INFO: STARTING STEP 56
2021-03-08 15:01:54,295 [BombeRLeWorld] INFO: Agent <rule_based_agent_0> chose action DOWN in 0.01s.
2021-03-08 15:01:54,295 [BombeRLeWorld] WARNING: Agent <rule_based_agent_0> stayed within acceptable think time.
2021-03-08 15:01:54,295 [BombeRLeWorld] INFO: Agent <rule_based_agent_1> chose action UP in 0.01s.
2021-03-08 15:01:54,296 [BombeRLeWorld] WARNING: Agent <rule_based_agent_1> stayed within acceptable think time.
2021-03-08 15:01:54,296 [BombeRLeWorld] INFO: Agent <user_agent> chose action DOWN in 0.00s.
2021-03-08 15:01:54,296 [BombeRLeWorld] WARNING: Agent <user_agent> stayed within acceptable think time.
2021-03-08 15:01:54,700 [BombeRLeWorld] INFO: STARTING STEP 57
2021-03-08 15:01:54,702 [BombeRLeWorld] INFO: Agent <user_agent> chose action DOWN in 0.00s.
2021-03-08 15:01:54,702 [BombeRLeWorld] WARNING: Agent <user_agent> stayed within acceptable think time.
2021-03-08 15:01:54,703 [BombeRLeWorld] INFO: Agent <rule_based_agent_1> chose action UP in 0.00s.
2021-03-08 15:01:54,703 [BombeRLeWorld] WARNING: Agent <rule_based_agent_1> stayed within acceptable think time.
2021-03-08 15:01:54,703 [BombeRLeWorld] INFO: Agent <rule_based_agent_0> chose action DOWN in 0.00s.
2021-03-08 15:01:54,703 [BombeRLeWorld] WARNING: Agent <rule_based_agent_0> stayed within acceptable think time.
2021-03-08 15:01:54,703 [BombeRLeWorld] INFO: Agent <user_agent>'s bomb at (3, 9) explodes
2021-03-08 15:01:55,213 [BombeRLeWorld] INFO: STARTING STEP 58
2021-03-08 15:01:55,219 [BombeRLeWorld] INFO: Agent <rule_based_agent_1> chose action UP in 0.00s.
2021-03-08 15:01:55,219 [BombeRLeWorld] WARNING: Agent <rule_based_agent_1> stayed within acceptable think time.
2021-03-08 15:01:55,219 [BombeRLeWorld] INFO: Agent <user_agent> chose action RIGHT in 0.00s.
2021-03-08 15:01:55,219 [BombeRLeWorld] WARNING: Agent <user_agent> stayed within acceptable think time.
2021-03-08 15:01:55,219 [BombeRLeWorld] INFO: Agent <rule_based_agent_0> chose action UP in 0.00s.
2021-03-08 15:01:55,219 [BombeRLeWorld] WARNING: Agent <rule_based_agent_0> stayed within acceptable think time.
2021-03-08 15:01:55,730 [BombeRLeWorld] INFO: STARTING STEP 59
2021-03-08 15:01:55,756 [BombeRLeWorld] INFO: Agent <user_agent> chose action RIGHT in 0.00s.
2021-03-08 15:01:55,756 [BombeRLeWorld] WARNING: Agent <user_agent> stayed within acceptable think time.
2021-03-08 15:01:55,757 [BombeRLeWorld] INFO: Agent <rule_based_agent_0> chose action RIGHT in 0.00s.
2021-03-08 15:01:55,757 [BombeRLeWorld] WARNING: Agent <rule_based_agent_0> stayed within acceptable think time.
2021-03-08 15:01:55,757 [BombeRLeWorld] INFO: Agent <rule_based_agent_1> chose action BOMB in 0.00s.
2021-03-08 15:01:55,757 [BombeRLeWorld] WARNING: Agent <rule_based_agent_1> stayed within acceptable think time.
2021-03-08 15:01:55,757 [BombeRLeWorld] INFO: Agent <rule_based_agent_1> drops bomb at (13, 8)
2021-03-08 15:01:56,773 [BombeRLeWorld] INFO: STARTING STEP 60
2021-03-08 15:01:56,787 [BombeRLeWorld] INFO: Agent <user_agent> chose action UP in 0.00s.
2021-03-08 15:01:56,787 [BombeRLeWorld] WARNING: Agent <user_agent> stayed within acceptable think time.
2021-03-08 15:01:56,788 [BombeRLeWorld] INFO: Agent <rule_based_agent_0> chose action RIGHT in 0.00s.
2021-03-08 15:01:56,788 [BombeRLeWorld] WARNING: Agent <rule_based_agent_0> stayed within acceptable think time.
2021-03-08 15:01:56,788 [BombeRLeWorld] INFO: Agent <rule_based_agent_1> chose action DOWN in 0.01s.
2021-03-08 15:01:56,788 [BombeRLeWorld] WARNING: Agent <rule_based_agent_1> stayed within acceptable think time.
2021-03-08 15:01:57,298 [BombeRLeWorld] INFO: STARTING STEP 61
2021-03-08 15:01:57,305 [BombeRLeWorld] INFO: Agent <rule_based_agent_0> chose action UP in 0.00s.
2021-03-08 15:01:57,305 [BombeRLeWorld] WARNING: Agent <rule_based_agent_0> stayed within acceptable think time.
2021-03-08 15:01:57,305 [BombeRLeWorld] INFO: Agent <user_agent> chose action UP in 0.00s.
2021-03-08 15:01:57,305 [BombeRLeWorld] WARNING: Agent <user_agent> stayed within acceptable think time.
2021-03-08 15:01:57,305 [BombeRLeWorld] INFO: Agent <rule_based_agent_1> chose action RIGHT in 0.00s.
2021-03-08 15:01:57,305 [BombeRLeWorld] WARNING: Agent <rule_based_agent_1> stayed within acceptable think time.
2021-03-08 15:01:58,016 [BombeRLeWorld] INFO: STARTING STEP 62
2021-03-08 15:01:58,041 [BombeRLeWorld] INFO: Agent <rule_based_agent_0> chose action BOMB in 0.00s.
2021-03-08 15:01:58,041 [BombeRLeWorld] WARNING: Agent <rule_based_agent_0> stayed within acceptable think time.
2021-03-08 15:01:58,041 [BombeRLeWorld] INFO: Agent <rule_based_agent_0> drops bomb at (7, 8)
2021-03-08 15:01:58,041 [BombeRLeWorld] INFO: Agent <rule_based_agent_1> chose action RIGHT in 0.00s.
2021-03-08 15:01:58,042 [BombeRLeWorld] WARNING: Agent <rule_based_agent_1> stayed within acceptable think time.
2021-03-08 15:01:58,042 [BombeRLeWorld] INFO: Agent <user_agent> chose action UP in 0.00s.
2021-03-08 15:01:58,042 [BombeRLeWorld] WARNING: Agent <user_agent> stayed within acceptable think time.
2021-03-08 15:01:59,148 [BombeRLeWorld] INFO: STARTING STEP 63
2021-03-08 15:01:59,166 [BombeRLeWorld] INFO: Agent <rule_based_agent_1> chose action DOWN in 0.00s.
2021-03-08 15:01:59,166 [BombeRLeWorld] WARNING: Agent <rule_based_agent_1> stayed within acceptable think time.
2021-03-08 15:01:59,166 [BombeRLeWorld] INFO: Agent <rule_based_agent_0> chose action DOWN in 0.01s.
2021-03-08 15:01:59,167 [BombeRLeWorld] WARNING: Agent <rule_based_agent_0> stayed within acceptable think time.
2021-03-08 15:01:59,167 [BombeRLeWorld] INFO: Agent <user_agent> chose action UP in 0.00s.
2021-03-08 15:01:59,167 [BombeRLeWorld] WARNING: Agent <user_agent> stayed within acceptable think time.
2021-03-08 15:01:59,167 [BombeRLeWorld] INFO: Agent <rule_based_agent_1>'s bomb at (13, 8) explodes
2021-03-08 15:01:59,571 [BombeRLeWorld] INFO: STARTING STEP 64
2021-03-08 15:01:59,597 [BombeRLeWorld] INFO: Agent <rule_based_agent_1> chose action UP in 0.00s.
2021-03-08 15:01:59,597 [BombeRLeWorld] WARNING: Agent <rule_based_agent_1> stayed within acceptable think time.
2021-03-08 15:01:59,597 [BombeRLeWorld] INFO: Agent <user_agent> chose action BOMB in 0.00s.
2021-03-08 15:01:59,597 [BombeRLeWorld] WARNING: Agent <user_agent> stayed within acceptable think time.
2021-03-08 15:01:59,597 [BombeRLeWorld] INFO: Agent <user_agent> drops bomb at (5, 9)
2021-03-08 15:01:59,598 [BombeRLeWorld] INFO: Agent <rule_based_agent_0> chose action LEFT in 0.00s.
2021-03-08 15:01:59,598 [BombeRLeWorld] WARNING: Agent <rule_based_agent_0> stayed within acceptable think time.
2021-03-08 15:01:59,799 [BombeRLeWorld] INFO: STARTING STEP 65
2021-03-08 15:01:59,812 [BombeRLeWorld] INFO: Agent <user_agent> chose action DOWN in 0.00s.
2021-03-08 15:01:59,812 [BombeRLeWorld] WARNING: Agent <user_agent> stayed within acceptable think time.
2021-03-08 15:01:59,812 [BombeRLeWorld] INFO: Agent <rule_based_agent_1> chose action UP in 0.00s.
2021-03-08 15:01:59,813 [BombeRLeWorld] WARNING: Agent <rule_based_agent_1> stayed within acceptable think time.
2021-03-08 15:01:59,813 [BombeRLeWorld] INFO: Agent <rule_based_agent_0> chose action RIGHT in 0.01s.
2021-03-08 15:01:59,813 [BombeRLeWorld] WARNING: Agent <rule_based_agent_0> stayed within acceptable think time.
2021-03-08 15:02:00,114 [BombeRLeWorld] INFO: STARTING STEP 66
2021-03-08 15:02:00,117 [BombeRLeWorld] INFO: Agent <rule_based_agent_1> chose action UP in 0.00s.
2021-03-08 15:02:00,117 [BombeRLeWorld] WARNING: Agent <rule_based_agent_1> stayed within acceptable think time.
2021-03-08 15:02:00,117 [BombeRLeWorld] INFO: Agent <user_agent> chose action DOWN in 0.00s.
2021-03-08 15:02:00,117 [BombeRLeWorld] WARNING: Agent <user_agent> stayed within acceptable think time.
2021-03-08 15:02:00,117 [BombeRLeWorld] INFO: Agent <rule_based_agent_0> chose action LEFT in 0.00s.
2021-03-08 15:02:00,117 [BombeRLeWorld] WARNING: Agent <rule_based_agent_0> stayed within acceptable think time.
2021-03-08 15:02:00,117 [BombeRLeWorld] INFO: Agent <rule_based_agent_0>'s bomb at (7, 8) explodes
2021-03-08 15:02:00,117 [BombeRLeWorld] INFO: Coin found at (7, 7)
2021-03-08 15:02:00,526 [BombeRLeWorld] INFO: STARTING STEP 67
2021-03-08 15:02:00,544 [BombeRLeWorld] INFO: Agent <rule_based_agent_1> chose action BOMB in 0.00s.
2021-03-08 15:02:00,544 [BombeRLeWorld] WARNING: Agent <rule_based_agent_1> stayed within acceptable think time.
2021-03-08 15:02:00,545 [BombeRLeWorld] INFO: Agent <rule_based_agent_1> drops bomb at (15, 7)
2021-03-08 15:02:00,545 [BombeRLeWorld] INFO: Agent <user_agent> chose action DOWN in 0.00s.
2021-03-08 15:02:00,545 [BombeRLeWorld] WARNING: Agent <user_agent> stayed within acceptable think time.
2021-03-08 15:02:00,545 [BombeRLeWorld] INFO: Agent <rule_based_agent_0> chose action RIGHT in 0.00s.
2021-03-08 15:02:00,545 [BombeRLeWorld] WARNING: Agent <rule_based_agent_0> stayed within acceptable think time.
2021-03-08 15:02:00,955 [BombeRLeWorld] INFO: STARTING STEP 68
2021-03-08 15:02:00,965 [BombeRLeWorld] INFO: Agent <rule_based_agent_0> chose action DOWN in 0.00s.
2021-03-08 15:02:00,965 [BombeRLeWorld] WARNING: Agent <rule_based_agent_0> stayed within acceptable think time.
2021-03-08 15:02:00,965 [BombeRLeWorld] INFO: Agent <user_agent> chose action DOWN in 0.00s.
2021-03-08 15:02:00,965 [BombeRLeWorld] WARNING: Agent <user_agent> stayed within acceptable think time.
2021-03-08 15:02:00,965 [BombeRLeWorld] INFO: Agent <rule_based_agent_1> chose action DOWN in 0.00s.
2021-03-08 15:02:00,965 [BombeRLeWorld] WARNING: Agent <rule_based_agent_1> stayed within acceptable think time.
2021-03-08 15:02:00,966 [BombeRLeWorld] INFO: Agent <user_agent>'s bomb at (5, 9) explodes
2021-03-08 15:02:02,683 [BombeRLeWorld] INFO: STARTING STEP 69
2021-03-08 15:02:02,691 [BombeRLeWorld] INFO: Agent <rule_based_agent_0> chose action DOWN in 0.00s.
2021-03-08 15:02:02,691 [BombeRLeWorld] WARNING: Agent <rule_based_agent_0> stayed within acceptable think time.
2021-03-08 15:02:02,691 [BombeRLeWorld] INFO: Agent <user_agent> chose action BOMB in 0.00s.
2021-03-08 15:02:02,692 [BombeRLeWorld] WARNING: Agent <user_agent> stayed within acceptable think time.
2021-03-08 15:02:02,692 [BombeRLeWorld] INFO: Agent <user_agent> drops bomb at (5, 13)
2021-03-08 15:02:02,692 [BombeRLeWorld] INFO: Agent <rule_based_agent_1> chose action DOWN in 0.00s.
2021-03-08 15:02:02,692 [BombeRLeWorld] WARNING: Agent <rule_based_agent_1> stayed within acceptable think time.
2021-03-08 15:02:03,095 [BombeRLeWorld] INFO: STARTING STEP 70
2021-03-08 15:02:03,099 [BombeRLeWorld] INFO: Agent <rule_based_agent_1> chose action LEFT in 0.00s.
2021-03-08 15:02:03,099 [BombeRLeWorld] WARNING: Agent <rule_based_agent_1> stayed within acceptable think time.
2021-03-08 15:02:03,100 [BombeRLeWorld] INFO: Agent <user_agent> chose action DOWN in 0.00s.
2021-03-08 15:02:03,100 [BombeRLeWorld] WARNING: Agent <user_agent> stayed within acceptable think time.
2021-03-08 15:02:03,100 [BombeRLeWorld] INFO: Agent <rule_based_agent_0> chose action DOWN in 0.00s.
2021-03-08 15:02:03,100 [BombeRLeWorld] WARNING: Agent <rule_based_agent_0> stayed within acceptable think time.
2021-03-08 15:02:03,716 [BombeRLeWorld] INFO: STARTING STEP 71
2021-03-08 15:02:03,728 [BombeRLeWorld] INFO: Agent <rule_based_agent_0> chose action BOMB in 0.00s.
2021-03-08 15:02:03,728 [BombeRLeWorld] WARNING: Agent <rule_based_agent_0> stayed within acceptable think time.
2021-03-08 15:02:03,729 [BombeRLeWorld] INFO: Agent <rule_based_agent_0> drops bomb at (7, 12)
2021-03-08 15:02:03,729 [BombeRLeWorld] INFO: Agent <user_agent> chose action RIGHT in 0.00s.
2021-03-08 15:02:03,729 [BombeRLeWorld] WARNING: Agent <user_agent> stayed within acceptable think time.
2021-03-08 15:02:03,729 [BombeRLeWorld] INFO: Agent <rule_based_agent_1> chose action LEFT in 0.01s.
2021-03-08 15:02:03,729 [BombeRLeWorld] WARNING: Agent <rule_based_agent_1> stayed within acceptable think time.
2021-03-08 15:02:03,730 [BombeRLeWorld] INFO: Agent <rule_based_agent_1>'s bomb at (15, 7) explodes
2021-03-08 15:02:04,038 [BombeRLeWorld] INFO: STARTING STEP 72
2021-03-08 15:02:04,056 [BombeRLeWorld] INFO: Agent <user_agent> chose action DOWN in 0.00s.
2021-03-08 15:02:04,056 [BombeRLeWorld] WARNING: Agent <user_agent> stayed within acceptable think time.
2021-03-08 15:02:04,056 [BombeRLeWorld] INFO: Agent <rule_based_agent_1> chose action UP in 0.01s.
2021-03-08 15:02:04,056 [BombeRLeWorld] WARNING: Agent <rule_based_agent_1> stayed within acceptable think time.
2021-03-08 15:02:04,056 [BombeRLeWorld] INFO: Agent <rule_based_agent_0> chose action UP in 0.01s.
2021-03-08 15:02:04,057 [BombeRLeWorld] WARNING: Agent <rule_based_agent_0> stayed within acceptable think time.
2021-03-08 15:02:04,459 [BombeRLeWorld] INFO: STARTING STEP 73
2021-03-08 15:02:04,471 [BombeRLeWorld] INFO: Agent <rule_based_agent_1> chose action UP in 0.00s.
2021-03-08 15:02:04,471 [BombeRLeWorld] WARNING: Agent <rule_based_agent_1> stayed within acceptable think time.
2021-03-08 15:02:04,471 [BombeRLeWorld] INFO: Agent <rule_based_agent_0> chose action RIGHT in 0.00s.
2021-03-08 15:02:04,471 [BombeRLeWorld] WARNING: Agent <rule_based_agent_0> stayed within acceptable think time.
2021-03-08 15:02:04,471 [BombeRLeWorld] INFO: Agent <user_agent> chose action RIGHT in 0.00s.
2021-03-08 15:02:04,471 [BombeRLeWorld] WARNING: Agent <user_agent> stayed within acceptable think time.
2021-03-08 15:02:04,472 [BombeRLeWorld] INFO: Agent <user_agent>'s bomb at (5, 13) explodes
2021-03-08 15:02:04,472 [BombeRLeWorld] INFO: Coin found at (6, 13)
2021-03-08 15:02:04,879 [BombeRLeWorld] INFO: STARTING STEP 74
2021-03-08 15:02:04,891 [BombeRLeWorld] INFO: Agent <rule_based_agent_1> chose action UP in 0.00s.
2021-03-08 15:02:04,891 [BombeRLeWorld] WARNING: Agent <rule_based_agent_1> stayed within acceptable think time.
2021-03-08 15:02:04,891 [BombeRLeWorld] INFO: Agent <user_agent> chose action RIGHT in 0.00s.
2021-03-08 15:02:04,891 [BombeRLeWorld] WARNING: Agent <user_agent> stayed within acceptable think time.
2021-03-08 15:02:04,891 [BombeRLeWorld] INFO: Agent <rule_based_agent_0> chose action LEFT in 0.00s.
2021-03-08 15:02:04,891 [BombeRLeWorld] WARNING: Agent <rule_based_agent_0> stayed within acceptable think time.
2021-03-08 15:02:05,703 [BombeRLeWorld] INFO: STARTING STEP 75
2021-03-08 15:02:05,709 [BombeRLeWorld] INFO: Agent <rule_based_agent_0> chose action RIGHT in 0.00s.
2021-03-08 15:02:05,709 [BombeRLeWorld] WARNING: Agent <rule_based_agent_0> stayed within acceptable think time.
2021-03-08 15:02:05,710 [BombeRLeWorld] INFO: Agent <rule_based_agent_1> chose action UP in 0.00s.
2021-03-08 15:02:05,710 [BombeRLeWorld] WARNING: Agent <rule_based_agent_1> stayed within acceptable think time.
2021-03-08 15:02:05,710 [BombeRLeWorld] INFO: Agent <user_agent> chose action UP in 0.00s.
2021-03-08 15:02:05,710 [BombeRLeWorld] WARNING: Agent <user_agent> stayed within acceptable think time.
2021-03-08 15:02:05,710 [BombeRLeWorld] INFO: Agent <rule_based_agent_0>'s bomb at (7, 12) explodes
2021-03-08 15:02:05,710 [BombeRLeWorld] INFO: Agent <user_agent> blown up by agent <rule_based_agent_0>'s bomb
2021-03-08 15:02:05,710 [BombeRLeWorld] INFO: Agent <rule_based_agent_0> receives 1 point
2021-03-08 15:02:08,282 [BombeRLeWorld] INFO: WRAPPING UP ROUND #1
2021-03-08 15:02:08,283 [BombeRLeWorld] INFO: SHUT DOWN
